<?xml version="1.0" encoding="UTF-8"?>
<!-- Generated by org.testng.reporters.JUnitReportReporter -->
<testsuite hostname="DESKTOP-5EVK54D" failures="0" tests="2" name="testngdiscussion.Annotations" time="0.021" errors="0" timestamp="2022-08-01T09:41:31 IST" skipped="0">
  <testcase classname="testngdiscussion.Annotations" name="searchMobile" time="0.005"/>
  <system-out/>
  <testcase classname="testngdiscussion.Annotations" name="searchLaptop" time="0.016"/>
  <system-out/>
</testsuite> <!-- testngdiscussion.Annotations -->
