<?xml version="1.0" encoding="UTF-8"?>
<!-- Generated by org.testng.reporters.JUnitReportReporter -->
<testsuite hostname="DESKTOP-5EVK54D" failures="0" tests="5" name="testngdiscussion.SequenceOfTestCases" time="0.037" errors="0" timestamp="2022-07-25T10:03:24 IST" skipped="0">
  <testcase classname="testngdiscussion.SequenceOfTestCases" name="home" time="0.021"/>
  <system-out/>
  <testcase classname="testngdiscussion.SequenceOfTestCases" name="logout" time="0.005"/>
  <system-out/>
  <testcase classname="testngdiscussion.SequenceOfTestCases" name="login" time="0.003"/>
  <system-out/>
  <testcase classname="testngdiscussion.SequenceOfTestCases" name="dashBoard" time="0.002"/>
  <system-out/>
  <testcase classname="testngdiscussion.SequenceOfTestCases" name="profile" time="0.006"/>
  <system-out/>
</testsuite> <!-- testngdiscussion.SequenceOfTestCases -->
