<?xml version="1.0" encoding="UTF-8"?>
<!-- Generated by org.testng.reporters.JUnitReportReporter -->
<testsuite hostname="DESKTOP-5EVK54D" failures="0" tests="1" name="testngdiscussion.GroupingOfTestCases2" time="0.003" errors="0" timestamp="2022-07-30T08:57:03 IST" skipped="0">
  <testcase classname="testngdiscussion.GroupingOfTestCases2" name="logout" time="0.003"/>
  <system-out/>
</testsuite> <!-- testngdiscussion.GroupingOfTestCases2 -->
