<?xml version="1.0" encoding="UTF-8"?>
<!-- Generated by org.testng.reporters.JUnitReportReporter -->
<testsuite hostname="DESKTOP-5EVK54D" failures="0" tests="3" name="testngdiscussion.SampleTest2" time="9.400" errors="0" timestamp="2022-08-05T09:43:49 IST" skipped="0">
  <testcase classname="testngdiscussion.SampleTest2" name="launchChrome" time="7.629"/>
  <system-out/>
  <testcase classname="testngdiscussion.SampleTest2" name="enterDetails" time="0.461"/>
  <system-out/>
  <testcase classname="testngdiscussion.SampleTest2" name="selectBirthdate" time="1.310"/>
  <system-out/>
</testsuite> <!-- testngdiscussion.SampleTest2 -->
