<?xml version="1.0" encoding="UTF-8"?>
<!-- Generated by org.testng.reporters.JUnitReportReporter -->
<testsuite hostname="DESKTOP-5EVK54D" failures="0" tests="26" name="testngdiscussion.DPTest" time="0.175" errors="0" timestamp="2022-08-24T09:37:52 IST" skipped="0">
  <testcase classname="testngdiscussion.DPTest" name="testCase" time="0.012"/>
  <system-out/>
  <testcase classname="testngdiscussion.DPTest" name="testCase" time="0.018"/>
  <system-out/>
  <testcase classname="testngdiscussion.DPTest" name="testCase" time="0.004"/>
  <system-out/>
  <testcase classname="testngdiscussion.DPTest" name="testCase" time="0.004"/>
  <system-out/>
  <testcase classname="testngdiscussion.DPTest" name="testCase" time="0.001"/>
  <system-out/>
  <testcase classname="testngdiscussion.DPTest" name="testCase" time="0.005"/>
  <system-out/>
  <testcase classname="testngdiscussion.DPTest" name="testCase" time="0.005"/>
  <system-out/>
  <testcase classname="testngdiscussion.DPTest" name="testCase" time="0.018"/>
  <system-out/>
  <testcase classname="testngdiscussion.DPTest" name="testCase" time="0.004"/>
  <system-out/>
  <testcase classname="testngdiscussion.DPTest" name="testCase" time="0.004"/>
  <system-out/>
  <testcase classname="testngdiscussion.DPTest" name="testCase" time="0.010"/>
  <system-out/>
  <testcase classname="testngdiscussion.DPTest" name="testCase" time="0.006"/>
  <system-out/>
  <testcase classname="testngdiscussion.DPTest" name="testCase" time="0.009"/>
  <system-out/>
  <testcase classname="testngdiscussion.DPTest" name="testCase" time="0.007"/>
  <system-out/>
  <testcase classname="testngdiscussion.DPTest" name="testCase" time="0.006"/>
  <system-out/>
  <testcase classname="testngdiscussion.DPTest" name="testCase" time="0.007"/>
  <system-out/>
  <testcase classname="testngdiscussion.DPTest" name="testCase" time="0.006"/>
  <system-out/>
  <testcase classname="testngdiscussion.DPTest" name="testCase" time="0.001"/>
  <system-out/>
  <testcase classname="testngdiscussion.DPTest" name="testCase" time="0.003"/>
  <system-out/>
  <testcase classname="testngdiscussion.DPTest" name="testCase" time="0.003"/>
  <system-out/>
  <testcase classname="testngdiscussion.DPTest" name="testCase" time="0.007"/>
  <system-out/>
  <testcase classname="testngdiscussion.DPTest" name="testCase" time="0.002"/>
  <system-out/>
  <testcase classname="testngdiscussion.DPTest" name="testCase" time="0.005"/>
  <system-out/>
  <testcase classname="testngdiscussion.DPTest" name="testCase" time="0.005"/>
  <system-out/>
  <testcase classname="testngdiscussion.DPTest" name="testCase" time="0.019"/>
  <system-out/>
  <testcase classname="testngdiscussion.DPTest" name="testCase" time="0.004"/>
  <system-out/>
</testsuite> <!-- testngdiscussion.DPTest -->
