<?xml version="1.0" encoding="UTF-8"?>
<!-- Generated by org.testng.reporters.JUnitReportReporter -->
<testsuite hostname="DESKTOP-5EVK54D" failures="0" tests="3" name="testngdiscussion.GroupingOfTestCases" time="0.029" errors="0" timestamp="2022-07-29T10:02:58 IST" skipped="0">
  <testcase classname="testngdiscussion.GroupingOfTestCases" name="testcase2" time="0.006"/>
  <system-out/>
  <testcase classname="testngdiscussion.GroupingOfTestCases" name="loginToApp" time="0.004"/>
  <system-out/>
  <testcase classname="testngdiscussion.GroupingOfTestCases" name="handlingCheckBox" time="0.019"/>
  <system-out/>
</testsuite> <!-- testngdiscussion.GroupingOfTestCases -->
