<?xml version="1.0" encoding="UTF-8"?>
<!-- Generated by org.testng.reporters.JUnitReportReporter -->
<testsuite hostname="DESKTOP-5EVK54D" failures="0" tests="2" name="testngdiscussion.ReporterClass" time="0.021" errors="0" timestamp="2022-07-28T09:14:11 IST" skipped="0">
  <testcase classname="testngdiscussion.ReporterClass" name="dashboard" time="0.017"/>
  <system-out>
    <![CDATA[dashboard test case]]>
  </system-out>
  <testcase classname="testngdiscussion.ReporterClass" name="loginTest" time="0.004"/>
  <system-out>
    <![CDATA[Login to application]]>
  </system-out>
</testsuite> <!-- testngdiscussion.ReporterClass -->
