<?xml version="1.0" encoding="UTF-8"?>
<!-- Generated by org.testng.reporters.JUnitReportReporter -->
<testsuite hostname="DESKTOP-5EVK54D" failures="0" tests="2" name="testngdiscussion.DependsOnMethods2" time="0.004" errors="0" timestamp="2022-07-28T09:54:33 IST" skipped="1">
  <testcase classname="testngdiscussion.DependsOnMethods2" name="editProfile" time="0.000">
    <skipped/>
  </testcase> <!-- editProfile -->
  <system-out/>
  <testcase classname="testngdiscussion.DependsOnMethods2" name="viewProfile" time="0.004"/>
  <system-out/>
</testsuite> <!-- testngdiscussion.DependsOnMethods2 -->
