<?xml version="1.0" encoding="UTF-8"?>
<!-- Generated by org.testng.reporters.JUnitReportReporter -->
<testsuite hostname="DESKTOP-5EVK54D" failures="0" tests="2" name="testngdiscussion.SampleTest1" time="12.175" errors="0" timestamp="2022-08-05T09:43:49 IST" skipped="0">
  <testcase classname="testngdiscussion.SampleTest1" name="launchChrome" time="11.118"/>
  <system-out/>
  <testcase classname="testngdiscussion.SampleTest1" name="enterDetails" time="1.057"/>
  <system-out/>
</testsuite> <!-- testngdiscussion.SampleTest1 -->
