<?xml version="1.0" encoding="UTF-8"?>
<!-- Generated by org.testng.reporters.JUnitReportReporter -->
<testsuite hostname="DESKTOP-5EVK54D" failures="0" tests="1" name="testngdiscussion.ParameterizationInTestNG" time="0.024" errors="0" timestamp="2022-08-03T10:02:08 IST" skipped="0">
  <testcase classname="testngdiscussion.ParameterizationInTestNG" name="launchBrowser" time="0.024"/>
  <system-out/>
</testsuite> <!-- testngdiscussion.ParameterizationInTestNG -->
