<?xml version="1.0" encoding="UTF-8"?>
<!-- Generated by org.testng.reporters.JUnitReportReporter -->
<testsuite hostname="DESKTOP-5EVK54D" failures="0" tests="2" name="testngdiscussion.BasicTest" time="0.024" errors="0" timestamp="2022-07-25T09:41:58 IST" skipped="0">
  <testcase classname="testngdiscussion.BasicTest" name="testCase2" time="0.006"/>
  <system-out/>
  <testcase classname="testngdiscussion.BasicTest" name="testCase1" time="0.018"/>
  <system-out/>
</testsuite> <!-- testngdiscussion.BasicTest -->
