<?xml version="1.0" encoding="UTF-8"?>
<!-- Generated by org.testng.reporters.JUnitReportReporter -->
<testsuite hostname="DESKTOP-5EVK54D" failures="0" tests="2" name="testngdiscussion.ParallelTestTagExecution" time="22.097" errors="0" timestamp="2022-08-05T09:15:45 IST" skipped="0">
  <testcase classname="testngdiscussion.ParallelTestTagExecution" name="launchChrome" time="19.846"/>
  <system-out/>
  <testcase classname="testngdiscussion.ParallelTestTagExecution" name="enterDetails" time="2.251"/>
  <system-out/>
</testsuite> <!-- testngdiscussion.ParallelTestTagExecution -->
