<?xml version="1.0" encoding="UTF-8"?>
<!-- Generated by org.testng.reporters.JUnitReportReporter -->
<testsuite hostname="DESKTOP-5EVK54D" failures="0" tests="1" name="testngdiscussion.ActualAnnotations" time="0.012" errors="0" timestamp="2022-08-01T09:55:15 IST" skipped="0">
  <testcase classname="testngdiscussion.ActualAnnotations" name="buyMobile" time="0.012"/>
  <system-out/>
</testsuite> <!-- testngdiscussion.ActualAnnotations -->
