<?xml version="1.0" encoding="UTF-8"?>
<!-- Generated by org.testng.reporters.JUnitReportReporter -->
<testsuite hostname="DESKTOP-5EVK54D" failures="0" tests="5" name="testngdiscussion.GroupingOfTestCases" time="0.024" errors="0" timestamp="2022-07-30T08:57:03 IST" skipped="0">
  <testcase classname="testngdiscussion.GroupingOfTestCases" name="testcase2" time="0.001"/>
  <system-out/>
  <testcase classname="testngdiscussion.GroupingOfTestCases" name="navToAdminTab" time="0.003"/>
  <system-out/>
  <testcase classname="testngdiscussion.GroupingOfTestCases" name="getTitleOfPage" time="0.015"/>
  <system-out/>
  <testcase classname="testngdiscussion.GroupingOfTestCases" name="loginToApp" time="0.002"/>
  <system-out/>
  <testcase classname="testngdiscussion.GroupingOfTestCases" name="handlingCheckBox" time="0.003"/>
  <system-out/>
</testsuite> <!-- testngdiscussion.GroupingOfTestCases -->
