<?xml version="1.0" encoding="UTF-8"?>
<!-- Generated by org.testng.reporters.JUnitReportReporter -->
<testsuite hostname="DESKTOP-5EVK54D" failures="0" tests="2" name="testngdiscussion.EnabledKeyword" time="0.024" errors="0" timestamp="2022-07-28T09:06:39 IST" skipped="1">
  <testcase classname="testngdiscussion.EnabledKeyword" name="loginToApp" time="0.024"/>
  <system-out/>
  <testcase classname="testngdiscussion.EnabledKeyword" name="getAppUrl">
    <skipped/>
  </testcase> <!-- getAppUrl -->
  <system-out/>
</testsuite> <!-- testngdiscussion.EnabledKeyword -->
