<?xml version="1.0" encoding="UTF-8"?>
<!-- Generated by org.testng.reporters.JUnitReportReporter -->
<testsuite hostname="DESKTOP-5EVK54D" failures="0" tests="2" name="testngdiscussion.LoginTest" time="0.021" errors="0" timestamp="2022-07-26T09:55:35 IST" skipped="0">
  <testcase classname="testngdiscussion.LoginTest" name="getAppUrl" time="0.018"/>
  <system-out/>
  <testcase classname="testngdiscussion.LoginTest" name="loginToApp" time="0.003"/>
  <system-out/>
</testsuite> <!-- testngdiscussion.LoginTest -->
