<?xml version="1.0" encoding="UTF-8"?>
<!-- Generated by org.testng.reporters.JUnitReportReporter -->
<testsuite hostname="DESKTOP-5EVK54D" failures="0" tests="2" name="testngdiscussion.Annotations" time="0.019" errors="0" timestamp="2022-07-30T09:52:13 IST" skipped="0">
  <testcase classname="testngdiscussion.Annotations" name="searchLaptop" time="0.014"/>
  <system-out/>
  <testcase classname="testngdiscussion.Annotations" name="searchMobile" time="0.005"/>
  <system-out/>
</testsuite> <!-- testngdiscussion.Annotations -->
