<?xml version="1.0" encoding="UTF-8"?>
<!-- Generated by org.testng.reporters.JUnitReportReporter -->
<testsuite hostname="DESKTOP-5EVK54D" failures="0" tests="2" name="testngdiscussion.ParallelExecutionOfMethods" time="27.499" errors="0" timestamp="2022-08-04T09:50:43 IST" skipped="0">
  <testcase classname="testngdiscussion.ParallelExecutionOfMethods" name="launchFF" time="17.337"/>
  <system-out/>
  <testcase classname="testngdiscussion.ParallelExecutionOfMethods" name="launchChrome" time="10.162"/>
  <system-out/>
</testsuite> <!-- testngdiscussion.ParallelExecutionOfMethods -->
