<?xml version="1.0" encoding="UTF-8"?>
<!-- Generated by org.testng.reporters.JUnitReportReporter -->
<testsuite hostname="DESKTOP-5EVK54D" failures="0" tests="7" name="testngdiscussion.InvocationCountKeyword" time="0.059" errors="0" timestamp="2022-07-26T09:09:43 IST" skipped="0">
  <testcase classname="testngdiscussion.InvocationCountKeyword" name="home" time="0.019"/>
  <system-out/>
  <testcase classname="testngdiscussion.InvocationCountKeyword" name="login" time="0.008"/>
  <system-out/>
  <testcase classname="testngdiscussion.InvocationCountKeyword" name="login" time="0.006"/>
  <system-out/>
  <testcase classname="testngdiscussion.InvocationCountKeyword" name="login" time="0.008"/>
  <system-out/>
  <testcase classname="testngdiscussion.InvocationCountKeyword" name="login" time="0.008"/>
  <system-out/>
  <testcase classname="testngdiscussion.InvocationCountKeyword" name="login" time="0.004"/>
  <system-out/>
  <testcase classname="testngdiscussion.InvocationCountKeyword" name="dashBoard" time="0.006"/>
  <system-out/>
</testsuite> <!-- testngdiscussion.InvocationCountKeyword -->
