<?xml version="1.0" encoding="UTF-8"?>
<!-- Generated by org.testng.reporters.JUnitReportReporter -->
<testsuite hostname="DESKTOP-5EVK54D" failures="0" tests="2" name="testngdiscussion.ParallelClassExecution2" time="25.291" errors="0" timestamp="2022-08-04T10:02:28 IST" skipped="0">
  <testcase classname="testngdiscussion.ParallelClassExecution2" name="launchFF" time="24.504"/>
  <system-out/>
  <testcase classname="testngdiscussion.ParallelClassExecution2" name="enterDetails" time="0.787"/>
  <system-out/>
</testsuite> <!-- testngdiscussion.ParallelClassExecution2 -->
