<?xml version="1.0" encoding="UTF-8"?>
<!-- Generated by org.testng.reporters.JUnitReportReporter -->
<testsuite hostname="DESKTOP-5EVK54D" failures="0" tests="1" name="testngdiscussion.Annotations3" time="0.004" errors="0" timestamp="2022-08-01T09:41:31 IST" skipped="0">
  <testcase classname="testngdiscussion.Annotations3" name="buyHealthAidKit" time="0.004"/>
  <system-out/>
</testsuite> <!-- testngdiscussion.Annotations3 -->
