<?xml version="1.0" encoding="UTF-8"?>
<!-- Generated by org.testng.reporters.JUnitReportReporter -->
<testsuite hostname="DESKTOP-5EVK54D" failures="0" tests="2" name="testngdiscussion.ParallelClassExecution" time="15.873" errors="0" timestamp="2022-08-04T10:02:28 IST" skipped="0">
  <testcase classname="testngdiscussion.ParallelClassExecution" name="launchChrome" time="13.186"/>
  <system-out/>
  <testcase classname="testngdiscussion.ParallelClassExecution" name="enterDetails" time="2.687"/>
  <system-out/>
</testsuite> <!-- testngdiscussion.ParallelClassExecution -->
