<?xml version="1.0" encoding="UTF-8"?>
<!-- Generated by org.testng.reporters.JUnitReportReporter -->
<testsuite hostname="DESKTOP-5EVK54D" failures="0" tests="2" name="testngdiscussion.Annotations2" time="0.027" errors="0" timestamp="2022-08-01T09:41:31 IST" skipped="0">
  <testcase classname="testngdiscussion.Annotations2" name="buyHeadPhones" time="0.017"/>
  <system-out/>
  <testcase classname="testngdiscussion.Annotations2" name="buyMouse" time="0.010"/>
  <system-out/>
</testsuite> <!-- testngdiscussion.Annotations2 -->
