<?xml version="1.0" encoding="UTF-8"?>
<!-- Generated by org.testng.reporters.JUnitReportReporter -->
<testsuite hostname="DESKTOP-5EVK54D" failures="0" tests="2" name="testngdiscussion.DashBoard" time="0.027" errors="0" timestamp="2022-07-26T09:55:35 IST" skipped="0">
  <testcase classname="testngdiscussion.DashBoard" name="handlingCheckbox" time="0.006"/>
  <system-out/>
  <testcase classname="testngdiscussion.DashBoard" name="navToCheckBoxes" time="0.021"/>
  <system-out/>
</testsuite> <!-- testngdiscussion.DashBoard -->
