<?xml version="1.0" encoding="UTF-8"?>
<!-- Generated by org.testng.reporters.JUnitReportReporter -->
<testsuite hostname="DESKTOP-5EVK54D" failures="0" tests="2" name="testclasses.LoginTest" time="11.358" errors="0" timestamp="2022-08-06T10:06:56 IST" skipped="0">
  <testcase classname="testclasses.LoginTest" name="validateLogin" time="11.301"/>
  <system-out/>
  <testcase classname="testclasses.LoginTest" name="validateTitle" time="0.057"/>
  <system-out/>
</testsuite> <!-- testclasses.LoginTest -->
