<?xml version="1.0" encoding="UTF-8"?>
<!-- Generated by org.testng.reporters.JUnitReportReporter -->
<testsuite hostname="DESKTOP-5EVK54D" failures="0" tests="3" name="testngdiscussion.InclusionAndExclusionOfMethods" time="0.021" errors="0" timestamp="2022-07-29T09:39:00 IST" skipped="0">
  <testcase classname="testngdiscussion.InclusionAndExclusionOfMethods" name="loginToApp" time="0.017"/>
  <system-out/>
  <testcase classname="testngdiscussion.InclusionAndExclusionOfMethods" name="getTitleOfPage" time="0.002"/>
  <system-out/>
  <testcase classname="testngdiscussion.InclusionAndExclusionOfMethods" name="navToAdminTab" time="0.002"/>
  <system-out/>
</testsuite> <!-- testngdiscussion.InclusionAndExclusionOfMethods -->
