<?xml version="1.0" encoding="UTF-8"?>
<!-- Generated by org.testng.reporters.JUnitReportReporter -->
<testsuite hostname="DESKTOP-5EVK54D" failures="0" tests="2" name="testclasses.LoginTest" time="4.950" errors="0" timestamp="2022-08-08T09:27:46 IST" skipped="0">
  <testcase classname="testclasses.LoginTest" name="validateTitle" time="0.043"/>
  <system-out/>
  <testcase classname="testclasses.LoginTest" name="validateLogin" time="4.907"/>
  <system-out/>
</testsuite> <!-- testclasses.LoginTest -->
