<?xml version="1.0" encoding="UTF-8"?>
<!-- Generated by org.testng.reporters.JUnitReportReporter -->
<testsuite hostname="DESKTOP-5EVK54D" failures="0" tests="4" name="testngdiscussion.BasicTest" time="0.042" errors="0" timestamp="2022-07-26T09:07:08 IST" skipped="0">
  <testcase classname="testngdiscussion.BasicTest" name="testCase1" time="0.023"/>
  <system-out/>
  <testcase classname="testngdiscussion.BasicTest" name="testCase3" time="0.008"/>
  <system-out/>
  <testcase classname="testngdiscussion.BasicTest" name="testCase4" time="0.008"/>
  <system-out/>
  <testcase classname="testngdiscussion.BasicTest" name="testCase2" time="0.003"/>
  <system-out/>
</testsuite> <!-- testngdiscussion.BasicTest -->
