<?xml version="1.0" encoding="UTF-8"?>
<!-- Generated by org.testng.reporters.JUnitReportReporter -->
<testsuite hostname="DESKTOP-5EVK54D" failures="0" tests="2" name="testngdiscussion.ParameterizationWithBrowser" time="14.444" errors="0" timestamp="2022-08-04T09:35:22 IST" skipped="0">
  <testcase classname="testngdiscussion.ParameterizationWithBrowser" name="launchBrowser" time="13.664"/>
  <system-out/>
  <testcase classname="testngdiscussion.ParameterizationWithBrowser" name="enterValues" time="0.780"/>
  <system-out/>
</testsuite> <!-- testngdiscussion.ParameterizationWithBrowser -->
