<?xml version="1.0" encoding="UTF-8"?>
<!-- Generated by org.testng.reporters.JUnitReportReporter -->
<testsuite hostname="DESKTOP-5EVK54D" failures="0" tests="2" name="testngdiscussion.ParameterizationInTestNG" time="0.031" errors="0" timestamp="2022-08-04T09:23:24 IST" skipped="0">
  <testcase classname="testngdiscussion.ParameterizationInTestNG" name="launchBrowser" time="0.012"/>
  <system-out/>
  <testcase classname="testngdiscussion.ParameterizationInTestNG" name="buildInfo" time="0.019"/>
  <system-out/>
</testsuite> <!-- testngdiscussion.ParameterizationInTestNG -->
