<?xml version="1.0" encoding="UTF-8"?>
<!-- Generated by org.testng.reporters.JUnitReportReporter -->
<testsuite hostname="DESKTOP-5EVK54D" failures="0" tests="1" name="testngdiscussion.PolicyBazaar" time="14.023" errors="0" timestamp="2022-08-10T22:25:31 IST" skipped="0">
  <testcase classname="testngdiscussion.PolicyBazaar" name="m1" time="14.023"/>
  <system-out/>
</testsuite> <!-- testngdiscussion.PolicyBazaar -->
